juin 10, 2024 10:41:55 AM org.ekwateur.logging.LoggerService logError
SEVERE: EK-002 : Can't find bundle for base name messages,FR
java.util.MissingResourceException: Can't find bundle for base name messages, locale fr_FR
	at java.base/java.util.ResourceBundle.throwMissingResourceException(ResourceBundle.java:2045)
	at java.base/java.util.ResourceBundle.getBundleImpl(ResourceBundle.java:1683)
	at java.base/java.util.ResourceBundle.getBundleImpl(ResourceBundle.java:1586)
	at java.base/java.util.ResourceBundle.getBundleImpl(ResourceBundle.java:1549)
	at java.base/java.util.ResourceBundle.getBundle(ResourceBundle.java:932)
	at org.ekwateur.utils.Localization.<init>(Localization.java:17)
	at org.ekwateur.Main.main(Main.java:17)

Jun 10, 2024 11:28:49 AM org.ekwateur.logging.LoggerService logError
SEVERE: EK-002 : Can't find bundle for base name messages,US
java.util.MissingResourceException: Can't find bundle for base name messages, locale en_US
	at java.base/java.util.ResourceBundle.throwMissingResourceException(ResourceBundle.java:2045)
	at java.base/java.util.ResourceBundle.getBundleImpl(ResourceBundle.java:1683)
	at java.base/java.util.ResourceBundle.getBundleImpl(ResourceBundle.java:1586)
	at java.base/java.util.ResourceBundle.getBundleImpl(ResourceBundle.java:1549)
	at java.base/java.util.ResourceBundle.getBundle(ResourceBundle.java:932)
	at org.ekwateur.utils.Localization.<init>(Localization.java:15)
	at org.ekwateur.Main.main(Main.java:17)

